{"/Users/brian/workspace/dry2/src/dry2/code.js": {"path":"/Users/brian/workspace/dry2/src/dry2/code.js","all":false,"statementMap":{"0":{"start":{"line":1,"column":0},"end":{"line":1,"column":35}},"1":{"start":{"line":2,"column":0},"end":{"line":2,"column":17}},"2":{"start":{"line":3,"column":0},"end":{"line":3,"column":12}},"3":{"start":{"line":4,"column":0},"end":{"line":4,"column":3}},"4":{"start":{"line":5,"column":0},"end":{"line":5,"column":0}},"5":{"start":{"line":6,"column":0},"end":{"line":6,"column":35}},"6":{"start":{"line":7,"column":0},"end":{"line":7,"column":52}},"7":{"start":{"line":8,"column":0},"end":{"line":8,"column":3}},"8":{"start":{"line":9,"column":0},"end":{"line":9,"column":0}},"9":{"start":{"line":10,"column":0},"end":{"line":10,"column":26}},"10":{"start":{"line":11,"column":0},"end":{"line":11,"column":63}},"11":{"start":{"line":12,"column":0},"end":{"line":12,"column":47}},"12":{"start":{"line":13,"column":0},"end":{"line":13,"column":4}},"13":{"start":{"line":14,"column":0},"end":{"line":14,"column":27}},"14":{"start":{"line":15,"column":0},"end":{"line":15,"column":24}},"15":{"start":{"line":16,"column":0},"end":{"line":16,"column":30}},"16":{"start":{"line":17,"column":0},"end":{"line":17,"column":30}},"17":{"start":{"line":18,"column":0},"end":{"line":18,"column":33}},"18":{"start":{"line":19,"column":0},"end":{"line":19,"column":6}},"19":{"start":{"line":20,"column":0},"end":{"line":20,"column":0}},"20":{"start":{"line":21,"column":0},"end":{"line":21,"column":19}},"21":{"start":{"line":22,"column":0},"end":{"line":22,"column":33}},"22":{"start":{"line":23,"column":0},"end":{"line":23,"column":3}},"23":{"start":{"line":24,"column":0},"end":{"line":24,"column":0}},"24":{"start":{"line":25,"column":0},"end":{"line":25,"column":21}},"25":{"start":{"line":26,"column":0},"end":{"line":26,"column":67}},"26":{"start":{"line":27,"column":0},"end":{"line":27,"column":44}},"27":{"start":{"line":28,"column":0},"end":{"line":28,"column":50}},"28":{"start":{"line":29,"column":0},"end":{"line":29,"column":34}},"29":{"start":{"line":30,"column":0},"end":{"line":30,"column":38}},"30":{"start":{"line":31,"column":0},"end":{"line":31,"column":3}},"31":{"start":{"line":32,"column":0},"end":{"line":32,"column":0}},"32":{"start":{"line":33,"column":0},"end":{"line":33,"column":13}},"33":{"start":{"line":34,"column":0},"end":{"line":34,"column":42}},"34":{"start":{"line":35,"column":0},"end":{"line":35,"column":31}},"35":{"start":{"line":36,"column":0},"end":{"line":36,"column":59}},"36":{"start":{"line":37,"column":0},"end":{"line":37,"column":27}},"37":{"start":{"line":38,"column":0},"end":{"line":38,"column":52}},"38":{"start":{"line":39,"column":0},"end":{"line":39,"column":87}},"39":{"start":{"line":40,"column":0},"end":{"line":40,"column":252}},"40":{"start":{"line":41,"column":0},"end":{"line":41,"column":18}},"41":{"start":{"line":42,"column":0},"end":{"line":42,"column":44}},"42":{"start":{"line":43,"column":0},"end":{"line":43,"column":19}},"43":{"start":{"line":44,"column":0},"end":{"line":44,"column":15}},"44":{"start":{"line":45,"column":0},"end":{"line":45,"column":12}},"45":{"start":{"line":46,"column":0},"end":{"line":46,"column":11}},"46":{"start":{"line":47,"column":0},"end":{"line":47,"column":0}},"47":{"start":{"line":48,"column":0},"end":{"line":48,"column":22}},"48":{"start":{"line":49,"column":0},"end":{"line":49,"column":30}},"49":{"start":{"line":50,"column":0},"end":{"line":50,"column":21}},"50":{"start":{"line":51,"column":0},"end":{"line":51,"column":43}},"51":{"start":{"line":52,"column":0},"end":{"line":52,"column":98}},"52":{"start":{"line":53,"column":0},"end":{"line":53,"column":49}},"53":{"start":{"line":54,"column":0},"end":{"line":54,"column":77}},"54":{"start":{"line":55,"column":0},"end":{"line":55,"column":89}},"55":{"start":{"line":56,"column":0},"end":{"line":56,"column":254}},"56":{"start":{"line":57,"column":0},"end":{"line":57,"column":20}},"57":{"start":{"line":58,"column":0},"end":{"line":58,"column":46}},"58":{"start":{"line":59,"column":0},"end":{"line":59,"column":21}},"59":{"start":{"line":60,"column":0},"end":{"line":60,"column":17}},"60":{"start":{"line":61,"column":0},"end":{"line":61,"column":14}},"61":{"start":{"line":62,"column":0},"end":{"line":62,"column":12}},"62":{"start":{"line":63,"column":0},"end":{"line":63,"column":6}},"63":{"start":{"line":64,"column":0},"end":{"line":64,"column":3}},"64":{"start":{"line":65,"column":0},"end":{"line":65,"column":0}},"65":{"start":{"line":66,"column":0},"end":{"line":66,"column":21}},"66":{"start":{"line":67,"column":0},"end":{"line":67,"column":15}},"67":{"start":{"line":68,"column":0},"end":{"line":68,"column":29}},"68":{"start":{"line":69,"column":0},"end":{"line":69,"column":28}},"69":{"start":{"line":70,"column":0},"end":{"line":70,"column":28}},"70":{"start":{"line":71,"column":0},"end":{"line":71,"column":30}},"71":{"start":{"line":72,"column":0},"end":{"line":72,"column":30}},"72":{"start":{"line":73,"column":0},"end":{"line":73,"column":3}},"73":{"start":{"line":74,"column":0},"end":{"line":74,"column":0}},"74":{"start":{"line":75,"column":0},"end":{"line":75,"column":34}},"75":{"start":{"line":76,"column":0},"end":{"line":76,"column":43}},"76":{"start":{"line":77,"column":0},"end":{"line":77,"column":4}},"77":{"start":{"line":78,"column":0},"end":{"line":78,"column":37}},"78":{"start":{"line":79,"column":0},"end":{"line":79,"column":18}},"79":{"start":{"line":80,"column":0},"end":{"line":80,"column":17}},"80":{"start":{"line":81,"column":0},"end":{"line":81,"column":44}},"81":{"start":{"line":82,"column":0},"end":{"line":82,"column":6}},"82":{"start":{"line":83,"column":0},"end":{"line":83,"column":24}},"83":{"start":{"line":84,"column":0},"end":{"line":84,"column":16}},"84":{"start":{"line":85,"column":0},"end":{"line":85,"column":50}},"85":{"start":{"line":86,"column":0},"end":{"line":86,"column":6}},"86":{"start":{"line":87,"column":0},"end":{"line":87,"column":17}},"87":{"start":{"line":88,"column":0},"end":{"line":88,"column":43}},"88":{"start":{"line":89,"column":0},"end":{"line":89,"column":6}},"89":{"start":{"line":90,"column":0},"end":{"line":90,"column":18}},"90":{"start":{"line":91,"column":0},"end":{"line":91,"column":44}},"91":{"start":{"line":92,"column":0},"end":{"line":92,"column":6}},"92":{"start":{"line":93,"column":0},"end":{"line":93,"column":20}},"93":{"start":{"line":94,"column":0},"end":{"line":94,"column":16}},"94":{"start":{"line":95,"column":0},"end":{"line":95,"column":46}},"95":{"start":{"line":96,"column":0},"end":{"line":96,"column":6}},"96":{"start":{"line":97,"column":0},"end":{"line":97,"column":18}},"97":{"start":{"line":98,"column":0},"end":{"line":98,"column":19}},"98":{"start":{"line":99,"column":0},"end":{"line":99,"column":16}},"99":{"start":{"line":100,"column":0},"end":{"line":100,"column":44}},"100":{"start":{"line":101,"column":0},"end":{"line":101,"column":6}},"101":{"start":{"line":102,"column":0},"end":{"line":102,"column":17}},"102":{"start":{"line":103,"column":0},"end":{"line":103,"column":43}},"103":{"start":{"line":104,"column":0},"end":{"line":104,"column":6}},"104":{"start":{"line":105,"column":0},"end":{"line":105,"column":14}},"105":{"start":{"line":106,"column":0},"end":{"line":106,"column":23}},"106":{"start":{"line":107,"column":0},"end":{"line":107,"column":5}},"107":{"start":{"line":108,"column":0},"end":{"line":108,"column":3}},"108":{"start":{"line":109,"column":0},"end":{"line":109,"column":0}},"109":{"start":{"line":110,"column":0},"end":{"line":110,"column":24}},"110":{"start":{"line":111,"column":0},"end":{"line":111,"column":66}},"111":{"start":{"line":112,"column":0},"end":{"line":112,"column":60}},"112":{"start":{"line":113,"column":0},"end":{"line":113,"column":4}},"113":{"start":{"line":114,"column":0},"end":{"line":114,"column":20}},"114":{"start":{"line":115,"column":0},"end":{"line":115,"column":18}},"115":{"start":{"line":116,"column":0},"end":{"line":116,"column":22}},"116":{"start":{"line":117,"column":0},"end":{"line":117,"column":4}},"117":{"start":{"line":118,"column":0},"end":{"line":118,"column":62}},"118":{"start":{"line":119,"column":0},"end":{"line":119,"column":22}},"119":{"start":{"line":120,"column":0},"end":{"line":120,"column":62}},"120":{"start":{"line":121,"column":0},"end":{"line":121,"column":60}},"121":{"start":{"line":122,"column":0},"end":{"line":122,"column":69}},"122":{"start":{"line":123,"column":0},"end":{"line":123,"column":61}},"123":{"start":{"line":124,"column":0},"end":{"line":124,"column":65}},"124":{"start":{"line":125,"column":0},"end":{"line":125,"column":6}},"125":{"start":{"line":126,"column":0},"end":{"line":126,"column":4}},"126":{"start":{"line":127,"column":0},"end":{"line":127,"column":44}},"127":{"start":{"line":128,"column":0},"end":{"line":128,"column":33}},"128":{"start":{"line":129,"column":0},"end":{"line":129,"column":16}},"129":{"start":{"line":130,"column":0},"end":{"line":130,"column":49}},"130":{"start":{"line":131,"column":0},"end":{"line":131,"column":59}},"131":{"start":{"line":132,"column":0},"end":{"line":132,"column":21}},"132":{"start":{"line":133,"column":0},"end":{"line":133,"column":29}},"133":{"start":{"line":134,"column":0},"end":{"line":134,"column":45}},"134":{"start":{"line":135,"column":0},"end":{"line":135,"column":25}},"135":{"start":{"line":136,"column":0},"end":{"line":136,"column":29}},"136":{"start":{"line":137,"column":0},"end":{"line":137,"column":30}},"137":{"start":{"line":138,"column":0},"end":{"line":138,"column":11}},"138":{"start":{"line":139,"column":0},"end":{"line":139,"column":7}},"139":{"start":{"line":140,"column":0},"end":{"line":140,"column":7}},"140":{"start":{"line":141,"column":0},"end":{"line":141,"column":4}},"141":{"start":{"line":142,"column":0},"end":{"line":142,"column":36}},"142":{"start":{"line":143,"column":0},"end":{"line":143,"column":45}},"143":{"start":{"line":144,"column":0},"end":{"line":144,"column":4}},"144":{"start":{"line":145,"column":0},"end":{"line":145,"column":38}},"145":{"start":{"line":146,"column":0},"end":{"line":146,"column":20}},"146":{"start":{"line":147,"column":0},"end":{"line":147,"column":29}},"147":{"start":{"line":148,"column":0},"end":{"line":148,"column":35}},"148":{"start":{"line":149,"column":0},"end":{"line":149,"column":41}},"149":{"start":{"line":150,"column":0},"end":{"line":150,"column":36}},"150":{"start":{"line":151,"column":0},"end":{"line":151,"column":53}},"151":{"start":{"line":152,"column":0},"end":{"line":152,"column":9}},"152":{"start":{"line":153,"column":0},"end":{"line":153,"column":36}},"153":{"start":{"line":154,"column":0},"end":{"line":154,"column":78}},"154":{"start":{"line":155,"column":0},"end":{"line":155,"column":28}},"155":{"start":{"line":156,"column":0},"end":{"line":156,"column":7}},"156":{"start":{"line":157,"column":0},"end":{"line":157,"column":7}},"157":{"start":{"line":158,"column":0},"end":{"line":158,"column":4}},"158":{"start":{"line":159,"column":0},"end":{"line":159,"column":29}},"159":{"start":{"line":160,"column":0},"end":{"line":160,"column":32}},"160":{"start":{"line":161,"column":0},"end":{"line":161,"column":36}},"161":{"start":{"line":162,"column":0},"end":{"line":162,"column":5}},"162":{"start":{"line":163,"column":0},"end":{"line":163,"column":4}},"163":{"start":{"line":164,"column":0},"end":{"line":164,"column":18}},"164":{"start":{"line":165,"column":0},"end":{"line":165,"column":3}},"165":{"start":{"line":166,"column":0},"end":{"line":166,"column":0}},"166":{"start":{"line":167,"column":0},"end":{"line":167,"column":30}},"167":{"start":{"line":168,"column":0},"end":{"line":168,"column":44}},"168":{"start":{"line":169,"column":0},"end":{"line":169,"column":64}},"169":{"start":{"line":170,"column":0},"end":{"line":170,"column":74}},"170":{"start":{"line":171,"column":0},"end":{"line":171,"column":207}},"171":{"start":{"line":172,"column":0},"end":{"line":172,"column":87}},"172":{"start":{"line":173,"column":0},"end":{"line":173,"column":69}},"173":{"start":{"line":174,"column":0},"end":{"line":174,"column":7}},"174":{"start":{"line":175,"column":0},"end":{"line":175,"column":3}},"175":{"start":{"line":176,"column":0},"end":{"line":176,"column":0}},"176":{"start":{"line":177,"column":0},"end":{"line":177,"column":23}},"177":{"start":{"line":178,"column":0},"end":{"line":178,"column":44}},"178":{"start":{"line":179,"column":0},"end":{"line":179,"column":67}},"179":{"start":{"line":180,"column":0},"end":{"line":180,"column":78}},"180":{"start":{"line":181,"column":0},"end":{"line":181,"column":73}},"181":{"start":{"line":182,"column":0},"end":{"line":182,"column":65}},"182":{"start":{"line":183,"column":0},"end":{"line":183,"column":65}},"183":{"start":{"line":184,"column":0},"end":{"line":184,"column":7}},"184":{"start":{"line":185,"column":0},"end":{"line":185,"column":3}},"185":{"start":{"line":186,"column":0},"end":{"line":186,"column":0}},"186":{"start":{"line":187,"column":0},"end":{"line":187,"column":24}},"187":{"start":{"line":188,"column":0},"end":{"line":188,"column":44}},"188":{"start":{"line":189,"column":0},"end":{"line":189,"column":59}},"189":{"start":{"line":190,"column":0},"end":{"line":190,"column":66}},"190":{"start":{"line":191,"column":0},"end":{"line":191,"column":72}},"191":{"start":{"line":192,"column":0},"end":{"line":192,"column":77}},"192":{"start":{"line":193,"column":0},"end":{"line":193,"column":68}},"193":{"start":{"line":194,"column":0},"end":{"line":194,"column":7}},"194":{"start":{"line":195,"column":0},"end":{"line":195,"column":3}},"195":{"start":{"line":196,"column":0},"end":{"line":196,"column":0}},"196":{"start":{"line":197,"column":0},"end":{"line":197,"column":26}},"197":{"start":{"line":198,"column":0},"end":{"line":198,"column":44}},"198":{"start":{"line":199,"column":0},"end":{"line":199,"column":61}},"199":{"start":{"line":200,"column":0},"end":{"line":200,"column":98}},"200":{"start":{"line":201,"column":0},"end":{"line":201,"column":201}},"201":{"start":{"line":202,"column":0},"end":{"line":202,"column":179}},"202":{"start":{"line":203,"column":0},"end":{"line":203,"column":77}},"203":{"start":{"line":204,"column":0},"end":{"line":204,"column":69}},"204":{"start":{"line":205,"column":0},"end":{"line":205,"column":7}},"205":{"start":{"line":206,"column":0},"end":{"line":206,"column":3}},"206":{"start":{"line":207,"column":0},"end":{"line":207,"column":0}},"207":{"start":{"line":208,"column":0},"end":{"line":208,"column":24}},"208":{"start":{"line":209,"column":0},"end":{"line":209,"column":44}},"209":{"start":{"line":210,"column":0},"end":{"line":210,"column":61}},"210":{"start":{"line":211,"column":0},"end":{"line":211,"column":68}},"211":{"start":{"line":212,"column":0},"end":{"line":212,"column":183}},"212":{"start":{"line":213,"column":0},"end":{"line":213,"column":65}},"213":{"start":{"line":214,"column":0},"end":{"line":214,"column":64}},"214":{"start":{"line":215,"column":0},"end":{"line":215,"column":62}},"215":{"start":{"line":216,"column":0},"end":{"line":216,"column":7}},"216":{"start":{"line":217,"column":0},"end":{"line":217,"column":3}},"217":{"start":{"line":218,"column":0},"end":{"line":218,"column":0}},"218":{"start":{"line":219,"column":0},"end":{"line":219,"column":23}},"219":{"start":{"line":220,"column":0},"end":{"line":220,"column":44}},"220":{"start":{"line":221,"column":0},"end":{"line":221,"column":62}},"221":{"start":{"line":222,"column":0},"end":{"line":222,"column":62}},"222":{"start":{"line":223,"column":0},"end":{"line":223,"column":216}},"223":{"start":{"line":224,"column":0},"end":{"line":224,"column":147}},"224":{"start":{"line":225,"column":0},"end":{"line":225,"column":70}},"225":{"start":{"line":226,"column":0},"end":{"line":226,"column":91}},"226":{"start":{"line":227,"column":0},"end":{"line":227,"column":7}},"227":{"start":{"line":228,"column":0},"end":{"line":228,"column":3}},"228":{"start":{"line":229,"column":0},"end":{"line":229,"column":0}},"229":{"start":{"line":230,"column":0},"end":{"line":230,"column":40}},"230":{"start":{"line":231,"column":0},"end":{"line":231,"column":20}},"231":{"start":{"line":232,"column":0},"end":{"line":232,"column":18}},"232":{"start":{"line":233,"column":0},"end":{"line":233,"column":22}},"233":{"start":{"line":234,"column":0},"end":{"line":234,"column":4}},"234":{"start":{"line":235,"column":0},"end":{"line":235,"column":44}},"235":{"start":{"line":236,"column":0},"end":{"line":236,"column":33}},"236":{"start":{"line":237,"column":0},"end":{"line":237,"column":16}},"237":{"start":{"line":238,"column":0},"end":{"line":238,"column":49}},"238":{"start":{"line":239,"column":0},"end":{"line":239,"column":59}},"239":{"start":{"line":240,"column":0},"end":{"line":240,"column":21}},"240":{"start":{"line":241,"column":0},"end":{"line":241,"column":29}},"241":{"start":{"line":242,"column":0},"end":{"line":242,"column":45}},"242":{"start":{"line":243,"column":0},"end":{"line":243,"column":25}},"243":{"start":{"line":244,"column":0},"end":{"line":244,"column":29}},"244":{"start":{"line":245,"column":0},"end":{"line":245,"column":30}},"245":{"start":{"line":246,"column":0},"end":{"line":246,"column":11}},"246":{"start":{"line":247,"column":0},"end":{"line":247,"column":7}},"247":{"start":{"line":248,"column":0},"end":{"line":248,"column":7}},"248":{"start":{"line":249,"column":0},"end":{"line":249,"column":4}},"249":{"start":{"line":250,"column":0},"end":{"line":250,"column":36}},"250":{"start":{"line":251,"column":0},"end":{"line":251,"column":45}},"251":{"start":{"line":252,"column":0},"end":{"line":252,"column":4}},"252":{"start":{"line":253,"column":0},"end":{"line":253,"column":38}},"253":{"start":{"line":254,"column":0},"end":{"line":254,"column":20}},"254":{"start":{"line":255,"column":0},"end":{"line":255,"column":29}},"255":{"start":{"line":256,"column":0},"end":{"line":256,"column":35}},"256":{"start":{"line":257,"column":0},"end":{"line":257,"column":41}},"257":{"start":{"line":258,"column":0},"end":{"line":258,"column":36}},"258":{"start":{"line":259,"column":0},"end":{"line":259,"column":53}},"259":{"start":{"line":260,"column":0},"end":{"line":260,"column":9}},"260":{"start":{"line":261,"column":0},"end":{"line":261,"column":36}},"261":{"start":{"line":262,"column":0},"end":{"line":262,"column":78}},"262":{"start":{"line":263,"column":0},"end":{"line":263,"column":28}},"263":{"start":{"line":264,"column":0},"end":{"line":264,"column":7}},"264":{"start":{"line":265,"column":0},"end":{"line":265,"column":7}},"265":{"start":{"line":266,"column":0},"end":{"line":266,"column":4}},"266":{"start":{"line":267,"column":0},"end":{"line":267,"column":29}},"267":{"start":{"line":268,"column":0},"end":{"line":268,"column":32}},"268":{"start":{"line":269,"column":0},"end":{"line":269,"column":36}},"269":{"start":{"line":270,"column":0},"end":{"line":270,"column":5}},"270":{"start":{"line":271,"column":0},"end":{"line":271,"column":4}},"271":{"start":{"line":272,"column":0},"end":{"line":272,"column":18}},"272":{"start":{"line":273,"column":0},"end":{"line":273,"column":3}},"273":{"start":{"line":274,"column":0},"end":{"line":274,"column":0}},"274":{"start":{"line":275,"column":0},"end":{"line":275,"column":27}},"275":{"start":{"line":276,"column":0},"end":{"line":276,"column":58}},"276":{"start":{"line":277,"column":0},"end":{"line":277,"column":18}},"277":{"start":{"line":278,"column":0},"end":{"line":278,"column":71}},"278":{"start":{"line":279,"column":0},"end":{"line":279,"column":5}},"279":{"start":{"line":280,"column":0},"end":{"line":280,"column":3}},"280":{"start":{"line":281,"column":0},"end":{"line":281,"column":0}},"281":{"start":{"line":282,"column":0},"end":{"line":282,"column":28}},"282":{"start":{"line":283,"column":0},"end":{"line":283,"column":58}},"283":{"start":{"line":284,"column":0},"end":{"line":284,"column":60}},"284":{"start":{"line":285,"column":0},"end":{"line":285,"column":4}},"285":{"start":{"line":286,"column":0},"end":{"line":286,"column":38}},"286":{"start":{"line":287,"column":0},"end":{"line":287,"column":0}},"287":{"start":{"line":288,"column":0},"end":{"line":288,"column":9}},"288":{"start":{"line":289,"column":0},"end":{"line":289,"column":68}},"289":{"start":{"line":290,"column":0},"end":{"line":290,"column":48}},"290":{"start":{"line":291,"column":0},"end":{"line":291,"column":19}},"291":{"start":{"line":292,"column":0},"end":{"line":292,"column":50}},"292":{"start":{"line":293,"column":0},"end":{"line":293,"column":44}},"293":{"start":{"line":294,"column":0},"end":{"line":294,"column":5}},"294":{"start":{"line":295,"column":0},"end":{"line":295,"column":3}},"295":{"start":{"line":296,"column":0},"end":{"line":296,"column":0}},"296":{"start":{"line":297,"column":0},"end":{"line":297,"column":36}},"297":{"start":{"line":298,"column":0},"end":{"line":298,"column":85}},"298":{"start":{"line":299,"column":0},"end":{"line":299,"column":56}},"299":{"start":{"line":300,"column":0},"end":{"line":300,"column":46}},"300":{"start":{"line":301,"column":0},"end":{"line":301,"column":40}},"301":{"start":{"line":302,"column":0},"end":{"line":302,"column":22}},"302":{"start":{"line":303,"column":0},"end":{"line":303,"column":4}},"303":{"start":{"line":304,"column":0},"end":{"line":304,"column":9}},"304":{"start":{"line":305,"column":0},"end":{"line":305,"column":69}},"305":{"start":{"line":306,"column":0},"end":{"line":306,"column":35}},"306":{"start":{"line":307,"column":0},"end":{"line":307,"column":48}},"307":{"start":{"line":308,"column":0},"end":{"line":308,"column":19}},"308":{"start":{"line":309,"column":0},"end":{"line":309,"column":51}},"309":{"start":{"line":310,"column":0},"end":{"line":310,"column":15}},"310":{"start":{"line":311,"column":0},"end":{"line":311,"column":42}},"311":{"start":{"line":312,"column":0},"end":{"line":312,"column":5}},"312":{"start":{"line":313,"column":0},"end":{"line":313,"column":3}},"313":{"start":{"line":314,"column":0},"end":{"line":314,"column":0}},"314":{"start":{"line":315,"column":0},"end":{"line":315,"column":40}},"315":{"start":{"line":316,"column":0},"end":{"line":316,"column":46}},"316":{"start":{"line":317,"column":0},"end":{"line":317,"column":37}},"317":{"start":{"line":318,"column":0},"end":{"line":318,"column":28}},"318":{"start":{"line":319,"column":0},"end":{"line":319,"column":4}},"319":{"start":{"line":320,"column":0},"end":{"line":320,"column":22}},"320":{"start":{"line":321,"column":0},"end":{"line":321,"column":42}},"321":{"start":{"line":322,"column":0},"end":{"line":322,"column":31}},"322":{"start":{"line":323,"column":0},"end":{"line":323,"column":13}},"323":{"start":{"line":324,"column":0},"end":{"line":324,"column":3}},"324":{"start":{"line":325,"column":0},"end":{"line":325,"column":0}},"325":{"start":{"line":326,"column":0},"end":{"line":326,"column":23}},"326":{"start":{"line":327,"column":0},"end":{"line":327,"column":10}},"327":{"start":{"line":328,"column":0},"end":{"line":328,"column":28}},"328":{"start":{"line":329,"column":0},"end":{"line":329,"column":3}},"329":{"start":{"line":330,"column":0},"end":{"line":330,"column":0}},"330":{"start":{"line":331,"column":0},"end":{"line":331,"column":17}},"331":{"start":{"line":332,"column":0},"end":{"line":332,"column":36}},"332":{"start":{"line":333,"column":0},"end":{"line":333,"column":19}},"333":{"start":{"line":334,"column":0},"end":{"line":334,"column":33}},"334":{"start":{"line":335,"column":0},"end":{"line":335,"column":3}},"335":{"start":{"line":336,"column":0},"end":{"line":336,"column":0}},"336":{"start":{"line":337,"column":0},"end":{"line":337,"column":24}},"337":{"start":{"line":338,"column":0},"end":{"line":338,"column":18}},"338":{"start":{"line":339,"column":0},"end":{"line":339,"column":61}},"339":{"start":{"line":340,"column":0},"end":{"line":340,"column":3}},"340":{"start":{"line":341,"column":0},"end":{"line":341,"column":0}},"341":{"start":{"line":342,"column":0},"end":{"line":342,"column":23}},"342":{"start":{"line":343,"column":0},"end":{"line":343,"column":42}},"343":{"start":{"line":344,"column":0},"end":{"line":344,"column":3}},"344":{"start":{"line":345,"column":0},"end":{"line":345,"column":0}},"345":{"start":{"line":346,"column":0},"end":{"line":346,"column":18}},"346":{"start":{"line":347,"column":0},"end":{"line":347,"column":89}},"347":{"start":{"line":348,"column":0},"end":{"line":348,"column":3}},"348":{"start":{"line":349,"column":0},"end":{"line":349,"column":0}},"349":{"start":{"line":350,"column":0},"end":{"line":350,"column":23}},"350":{"start":{"line":351,"column":0},"end":{"line":351,"column":50}},"351":{"start":{"line":352,"column":0},"end":{"line":352,"column":3}},"352":{"start":{"line":353,"column":0},"end":{"line":353,"column":0}},"353":{"start":{"line":354,"column":0},"end":{"line":354,"column":20}},"354":{"start":{"line":355,"column":0},"end":{"line":355,"column":93}},"355":{"start":{"line":356,"column":0},"end":{"line":356,"column":3}},"356":{"start":{"line":357,"column":0},"end":{"line":357,"column":0}},"357":{"start":{"line":358,"column":0},"end":{"line":358,"column":25}},"358":{"start":{"line":359,"column":0},"end":{"line":359,"column":52}},"359":{"start":{"line":360,"column":0},"end":{"line":360,"column":3}},"360":{"start":{"line":361,"column":0},"end":{"line":361,"column":0}},"361":{"start":{"line":362,"column":0},"end":{"line":362,"column":54}},"362":{"start":{"line":363,"column":0},"end":{"line":363,"column":30}},"363":{"start":{"line":364,"column":0},"end":{"line":364,"column":60}},"364":{"start":{"line":365,"column":0},"end":{"line":365,"column":21}},"365":{"start":{"line":366,"column":0},"end":{"line":366,"column":35}},"366":{"start":{"line":367,"column":0},"end":{"line":367,"column":5}},"367":{"start":{"line":368,"column":0},"end":{"line":368,"column":3}},"368":{"start":{"line":369,"column":0},"end":{"line":369,"column":1}},"369":{"start":{"line":370,"column":0},"end":{"line":370,"column":0}},"370":{"start":{"line":371,"column":0},"end":{"line":371,"column":25}},"371":{"start":{"line":372,"column":0},"end":{"line":372,"column":43}}},"s":{"0":1,"1":1,"2":46,"3":46,"4":1,"5":1,"6":1,"7":1,"8":1,"9":1,"10":41,"11":41,"12":41,"13":41,"14":41,"15":41,"16":41,"17":41,"18":41,"19":41,"20":41,"21":41,"22":41,"23":1,"24":1,"25":45,"26":45,"27":45,"28":45,"29":45,"30":45,"31":1,"32":1,"33":61,"34":53,"35":53,"36":53,"37":49,"38":49,"39":49,"40":49,"41":49,"42":49,"43":53,"44":53,"45":61,"46":61,"47":61,"48":61,"49":61,"50":61,"51":61,"52":61,"53":8,"54":8,"55":8,"56":8,"57":8,"58":8,"59":61,"60":61,"61":61,"62":61,"63":61,"64":1,"65":1,"66":64,"67":64,"68":64,"69":64,"70":64,"71":64,"72":64,"73":1,"74":1,"75":61,"76":61,"77":61,"78":61,"79":61,"80":45,"81":61,"82":61,"83":61,"84":10,"85":61,"86":61,"87":2,"88":61,"89":61,"90":3,"91":61,"92":61,"93":61,"94":0,"95":61,"96":61,"97":61,"98":61,"99":0,"100":61,"101":61,"102":0,"103":61,"104":61,"105":1,"106":61,"107":61,"108":1,"109":1,"110":45,"111":45,"112":45,"113":45,"114":45,"115":45,"116":45,"117":45,"118":45,"119":45,"120":45,"121":45,"122":45,"123":45,"124":45,"125":45,"126":45,"127":45,"128":225,"129":225,"130":225,"131":71,"132":71,"133":71,"134":71,"135":71,"136":71,"137":71,"138":71,"139":45,"140":45,"141":45,"142":45,"143":45,"144":45,"145":45,"146":45,"147":71,"148":71,"149":71,"150":28,"151":28,"152":71,"153":71,"154":71,"155":71,"156":45,"157":45,"158":45,"159":45,"160":32,"161":32,"162":45,"163":45,"164":45,"165":1,"166":1,"167":10,"168":10,"169":10,"170":10,"171":10,"172":10,"173":10,"174":10,"175":1,"176":1,"177":2,"178":2,"179":2,"180":2,"181":2,"182":2,"183":2,"184":2,"185":1,"186":1,"187":3,"188":3,"189":3,"190":3,"191":3,"192":3,"193":3,"194":3,"195":1,"196":1,"197":0,"198":0,"199":0,"200":0,"201":0,"202":0,"203":0,"204":0,"205":0,"206":1,"207":1,"208":0,"209":0,"210":0,"211":0,"212":0,"213":0,"214":0,"215":0,"216":0,"217":1,"218":1,"219":0,"220":0,"221":0,"222":0,"223":0,"224":0,"225":0,"226":0,"227":0,"228":1,"229":1,"230":15,"231":15,"232":15,"233":15,"234":15,"235":15,"236":75,"237":75,"238":75,"239":66,"240":66,"241":66,"242":66,"243":66,"244":66,"245":66,"246":66,"247":15,"248":15,"249":15,"250":15,"251":15,"252":15,"253":15,"254":15,"255":66,"256":56,"257":56,"258":33,"259":33,"260":56,"261":56,"262":56,"263":56,"264":15,"265":15,"266":15,"267":15,"268":10,"269":10,"270":15,"271":15,"272":15,"273":1,"274":1,"275":61,"276":61,"277":57,"278":57,"279":61,"280":1,"281":1,"282":6,"283":6,"284":6,"285":6,"286":6,"287":6,"288":6,"289":4,"290":6,"291":2,"292":2,"293":2,"294":6,"295":1,"296":1,"297":2,"298":2,"299":2,"300":2,"301":2,"302":2,"303":2,"304":2,"305":2,"306":2,"307":2,"308":0,"309":2,"310":2,"311":2,"312":2,"313":1,"314":1,"315":6,"316":6,"317":6,"318":6,"319":6,"320":6,"321":6,"322":6,"323":6,"324":1,"325":1,"326":1,"327":1,"328":1,"329":1,"330":1,"331":2,"332":2,"333":2,"334":2,"335":1,"336":1,"337":1,"338":157,"339":157,"340":1,"341":1,"342":0,"343":0,"344":1,"345":1,"346":104,"347":104,"348":1,"349":1,"350":0,"351":0,"352":1,"353":1,"354":165,"355":165,"356":1,"357":1,"358":0,"359":0,"360":1,"361":1,"362":21,"363":9,"364":9,"365":9,"366":9,"367":21,"368":1,"369":1,"370":1,"371":1},"branchMap":{"0":{"type":"branch","line":1,"loc":{"start":{"line":1,"column":0},"end":{"line":372,"column":43}},"locations":[{"start":{"line":1,"column":0},"end":{"line":372,"column":43}}]},"1":{"type":"branch","line":2,"loc":{"start":{"line":2,"column":2},"end":{"line":4,"column":3}},"locations":[{"start":{"line":2,"column":2},"end":{"line":4,"column":3}}]},"2":{"type":"branch","line":6,"loc":{"start":{"line":6,"column":9},"end":{"line":8,"column":3}},"locations":[{"start":{"line":6,"column":9},"end":{"line":8,"column":3}}]},"3":{"type":"branch","line":10,"loc":{"start":{"line":10,"column":2},"end":{"line":23,"column":3}},"locations":[{"start":{"line":10,"column":2},"end":{"line":23,"column":3}}]},"4":{"type":"branch","line":25,"loc":{"start":{"line":25,"column":2},"end":{"line":31,"column":3}},"locations":[{"start":{"line":25,"column":2},"end":{"line":31,"column":3}}]},"5":{"type":"branch","line":33,"loc":{"start":{"line":33,"column":2},"end":{"line":64,"column":3}},"locations":[{"start":{"line":33,"column":2},"end":{"line":64,"column":3}}]},"6":{"type":"branch","line":34,"loc":{"start":{"line":34,"column":39},"end":{"line":46,"column":5}},"locations":[{"start":{"line":34,"column":39},"end":{"line":46,"column":5}}]},"7":{"type":"branch","line":37,"loc":{"start":{"line":37,"column":24},"end":{"line":44,"column":9}},"locations":[{"start":{"line":37,"column":24},"end":{"line":44,"column":9}}]},"8":{"type":"branch","line":44,"loc":{"start":{"line":44,"column":10},"end":{"line":44,"column":14}},"locations":[{"start":{"line":44,"column":10},"end":{"line":44,"column":14}}]},"9":{"type":"branch","line":46,"loc":{"start":{"line":46,"column":6},"end":{"line":46,"column":10}},"locations":[{"start":{"line":46,"column":6},"end":{"line":46,"column":10}}]},"10":{"type":"branch","line":53,"loc":{"start":{"line":53,"column":29},"end":{"line":53,"column":45}},"locations":[{"start":{"line":53,"column":29},"end":{"line":53,"column":45}}]},"11":{"type":"branch","line":53,"loc":{"start":{"line":53,"column":46},"end":{"line":60,"column":11}},"locations":[{"start":{"line":53,"column":46},"end":{"line":60,"column":11}}]},"12":{"type":"branch","line":60,"loc":{"start":{"line":60,"column":12},"end":{"line":60,"column":16}},"locations":[{"start":{"line":60,"column":12},"end":{"line":60,"column":16}}]},"13":{"type":"branch","line":66,"loc":{"start":{"line":66,"column":2},"end":{"line":73,"column":3}},"locations":[{"start":{"line":66,"column":2},"end":{"line":73,"column":3}}]},"14":{"type":"branch","line":75,"loc":{"start":{"line":75,"column":2},"end":{"line":108,"column":3}},"locations":[{"start":{"line":75,"column":2},"end":{"line":108,"column":3}}]},"15":{"type":"branch","line":79,"loc":{"start":{"line":79,"column":6},"end":{"line":79,"column":18}},"locations":[{"start":{"line":79,"column":6},"end":{"line":79,"column":18}}]},"16":{"type":"branch","line":80,"loc":{"start":{"line":80,"column":6},"end":{"line":81,"column":44}},"locations":[{"start":{"line":80,"column":6},"end":{"line":81,"column":44}}]},"17":{"type":"branch","line":83,"loc":{"start":{"line":83,"column":6},"end":{"line":83,"column":24}},"locations":[{"start":{"line":83,"column":6},"end":{"line":83,"column":24}}]},"18":{"type":"branch","line":84,"loc":{"start":{"line":84,"column":6},"end":{"line":85,"column":50}},"locations":[{"start":{"line":84,"column":6},"end":{"line":85,"column":50}}]},"19":{"type":"branch","line":87,"loc":{"start":{"line":87,"column":6},"end":{"line":88,"column":43}},"locations":[{"start":{"line":87,"column":6},"end":{"line":88,"column":43}}]},"20":{"type":"branch","line":90,"loc":{"start":{"line":90,"column":6},"end":{"line":91,"column":44}},"locations":[{"start":{"line":90,"column":6},"end":{"line":91,"column":44}}]},"21":{"type":"branch","line":93,"loc":{"start":{"line":93,"column":6},"end":{"line":93,"column":20}},"locations":[{"start":{"line":93,"column":6},"end":{"line":93,"column":20}}]},"22":{"type":"branch","line":94,"loc":{"start":{"line":94,"column":6},"end":{"line":95,"column":46}},"locations":[{"start":{"line":94,"column":6},"end":{"line":95,"column":46}}]},"23":{"type":"branch","line":97,"loc":{"start":{"line":97,"column":6},"end":{"line":97,"column":18}},"locations":[{"start":{"line":97,"column":6},"end":{"line":97,"column":18}}]},"24":{"type":"branch","line":98,"loc":{"start":{"line":98,"column":6},"end":{"line":98,"column":19}},"locations":[{"start":{"line":98,"column":6},"end":{"line":98,"column":19}}]},"25":{"type":"branch","line":99,"loc":{"start":{"line":99,"column":6},"end":{"line":100,"column":44}},"locations":[{"start":{"line":99,"column":6},"end":{"line":100,"column":44}}]},"26":{"type":"branch","line":102,"loc":{"start":{"line":102,"column":6},"end":{"line":103,"column":43}},"locations":[{"start":{"line":102,"column":6},"end":{"line":103,"column":43}}]},"27":{"type":"branch","line":105,"loc":{"start":{"line":105,"column":6},"end":{"line":106,"column":23}},"locations":[{"start":{"line":105,"column":6},"end":{"line":106,"column":23}}]},"28":{"type":"branch","line":110,"loc":{"start":{"line":110,"column":2},"end":{"line":165,"column":3}},"locations":[{"start":{"line":110,"column":2},"end":{"line":165,"column":3}}]},"29":{"type":"branch","line":160,"loc":{"start":{"line":160,"column":31},"end":{"line":162,"column":5}},"locations":[{"start":{"line":160,"column":31},"end":{"line":162,"column":5}}]},"30":{"type":"branch","line":128,"loc":{"start":{"line":128,"column":21},"end":{"line":140,"column":5}},"locations":[{"start":{"line":128,"column":21},"end":{"line":140,"column":5}}]},"31":{"type":"branch","line":131,"loc":{"start":{"line":131,"column":58},"end":{"line":139,"column":7}},"locations":[{"start":{"line":131,"column":58},"end":{"line":139,"column":7}}]},"32":{"type":"branch","line":143,"loc":{"start":{"line":143,"column":16},"end":{"line":143,"column":43}},"locations":[{"start":{"line":143,"column":16},"end":{"line":143,"column":43}}]},"33":{"type":"branch","line":147,"loc":{"start":{"line":147,"column":19},"end":{"line":157,"column":5}},"locations":[{"start":{"line":147,"column":19},"end":{"line":157,"column":5}}]},"34":{"type":"branch","line":150,"loc":{"start":{"line":150,"column":35},"end":{"line":152,"column":9}},"locations":[{"start":{"line":150,"column":35},"end":{"line":152,"column":9}}]},"35":{"type":"branch","line":167,"loc":{"start":{"line":167,"column":2},"end":{"line":175,"column":3}},"locations":[{"start":{"line":167,"column":2},"end":{"line":175,"column":3}}]},"36":{"type":"branch","line":177,"loc":{"start":{"line":177,"column":2},"end":{"line":185,"column":3}},"locations":[{"start":{"line":177,"column":2},"end":{"line":185,"column":3}}]},"37":{"type":"branch","line":187,"loc":{"start":{"line":187,"column":2},"end":{"line":195,"column":3}},"locations":[{"start":{"line":187,"column":2},"end":{"line":195,"column":3}}]},"38":{"type":"branch","line":230,"loc":{"start":{"line":230,"column":2},"end":{"line":273,"column":3}},"locations":[{"start":{"line":230,"column":2},"end":{"line":273,"column":3}}]},"39":{"type":"branch","line":268,"loc":{"start":{"line":268,"column":31},"end":{"line":270,"column":5}},"locations":[{"start":{"line":268,"column":31},"end":{"line":270,"column":5}}]},"40":{"type":"branch","line":236,"loc":{"start":{"line":236,"column":21},"end":{"line":248,"column":5}},"locations":[{"start":{"line":236,"column":21},"end":{"line":248,"column":5}}]},"41":{"type":"branch","line":239,"loc":{"start":{"line":239,"column":58},"end":{"line":247,"column":7}},"locations":[{"start":{"line":239,"column":58},"end":{"line":247,"column":7}}]},"42":{"type":"branch","line":251,"loc":{"start":{"line":251,"column":16},"end":{"line":251,"column":43}},"locations":[{"start":{"line":251,"column":16},"end":{"line":251,"column":43}}]},"43":{"type":"branch","line":255,"loc":{"start":{"line":255,"column":19},"end":{"line":265,"column":5}},"locations":[{"start":{"line":255,"column":19},"end":{"line":265,"column":5}}]},"44":{"type":"branch","line":256,"loc":{"start":{"line":256,"column":34},"end":{"line":264,"column":7}},"locations":[{"start":{"line":256,"column":34},"end":{"line":264,"column":7}}]},"45":{"type":"branch","line":258,"loc":{"start":{"line":258,"column":35},"end":{"line":260,"column":9}},"locations":[{"start":{"line":258,"column":35},"end":{"line":260,"column":9}}]},"46":{"type":"branch","line":275,"loc":{"start":{"line":275,"column":2},"end":{"line":280,"column":3}},"locations":[{"start":{"line":275,"column":2},"end":{"line":280,"column":3}}]},"47":{"type":"branch","line":277,"loc":{"start":{"line":277,"column":17},"end":{"line":279,"column":5}},"locations":[{"start":{"line":277,"column":17},"end":{"line":279,"column":5}}]},"48":{"type":"branch","line":278,"loc":{"start":{"line":278,"column":40},"end":{"line":278,"column":69}},"locations":[{"start":{"line":278,"column":40},"end":{"line":278,"column":69}}]},"49":{"type":"branch","line":282,"loc":{"start":{"line":282,"column":2},"end":{"line":295,"column":3}},"locations":[{"start":{"line":282,"column":2},"end":{"line":295,"column":3}}]},"50":{"type":"branch","line":286,"loc":{"start":{"line":286,"column":31},"end":{"line":286,"column":38}},"locations":[{"start":{"line":286,"column":31},"end":{"line":286,"column":38}}]},"51":{"type":"branch","line":290,"loc":{"start":{"line":290,"column":-1},"end":{"line":291,"column":6}},"locations":[{"start":{"line":290,"column":-1},"end":{"line":291,"column":6}}]},"52":{"type":"branch","line":291,"loc":{"start":{"line":291,"column":6},"end":{"line":294,"column":5}},"locations":[{"start":{"line":291,"column":6},"end":{"line":294,"column":5}}]},"53":{"type":"branch","line":297,"loc":{"start":{"line":297,"column":2},"end":{"line":313,"column":3}},"locations":[{"start":{"line":297,"column":2},"end":{"line":313,"column":3}}]},"54":{"type":"branch","line":308,"loc":{"start":{"line":308,"column":6},"end":{"line":310,"column":5}},"locations":[{"start":{"line":308,"column":6},"end":{"line":310,"column":5}}]},"55":{"type":"branch","line":315,"loc":{"start":{"line":315,"column":2},"end":{"line":324,"column":3}},"locations":[{"start":{"line":315,"column":2},"end":{"line":324,"column":3}}]},"56":{"type":"branch","line":320,"loc":{"start":{"line":320,"column":15},"end":{"line":323,"column":5}},"locations":[{"start":{"line":320,"column":15},"end":{"line":323,"column":5}}]},"57":{"type":"branch","line":327,"loc":{"start":{"line":327,"column":2},"end":{"line":329,"column":3}},"locations":[{"start":{"line":327,"column":2},"end":{"line":329,"column":3}}]},"58":{"type":"branch","line":331,"loc":{"start":{"line":331,"column":2},"end":{"line":335,"column":3}},"locations":[{"start":{"line":331,"column":2},"end":{"line":335,"column":3}}]},"59":{"type":"branch","line":338,"loc":{"start":{"line":338,"column":2},"end":{"line":340,"column":3}},"locations":[{"start":{"line":338,"column":2},"end":{"line":340,"column":3}}]},"60":{"type":"branch","line":346,"loc":{"start":{"line":346,"column":2},"end":{"line":348,"column":3}},"locations":[{"start":{"line":346,"column":2},"end":{"line":348,"column":3}}]},"61":{"type":"branch","line":347,"loc":{"start":{"line":347,"column":43},"end":{"line":347,"column":88}},"locations":[{"start":{"line":347,"column":43},"end":{"line":347,"column":88}}]},"62":{"type":"branch","line":354,"loc":{"start":{"line":354,"column":2},"end":{"line":356,"column":3}},"locations":[{"start":{"line":354,"column":2},"end":{"line":356,"column":3}}]},"63":{"type":"branch","line":355,"loc":{"start":{"line":355,"column":45},"end":{"line":355,"column":92}},"locations":[{"start":{"line":355,"column":45},"end":{"line":355,"column":92}}]},"64":{"type":"branch","line":362,"loc":{"start":{"line":362,"column":2},"end":{"line":368,"column":3}},"locations":[{"start":{"line":362,"column":2},"end":{"line":368,"column":3}}]},"65":{"type":"branch","line":363,"loc":{"start":{"line":363,"column":29},"end":{"line":367,"column":5}},"locations":[{"start":{"line":363,"column":29},"end":{"line":367,"column":5}}]}},"b":{"0":[1],"1":[46],"2":[1],"3":[41],"4":[45],"5":[61],"6":[53],"7":[49],"8":[4],"9":[8],"10":[8],"11":[8],"12":[53],"13":[64],"14":[61],"15":[45],"16":[45],"17":[10],"18":[10],"19":[2],"20":[3],"21":[0],"22":[0],"23":[0],"24":[0],"25":[0],"26":[0],"27":[1],"28":[45],"29":[32],"30":[225],"31":[71],"32":[128],"33":[71],"34":[28],"35":[10],"36":[2],"37":[3],"38":[15],"39":[10],"40":[75],"41":[66],"42":[121],"43":[66],"44":[56],"45":[33],"46":[61],"47":[57],"48":[5],"49":[6],"50":[0],"51":[4],"52":[2],"53":[2],"54":[0],"55":[6],"56":[6],"57":[1],"58":[2],"59":[157],"60":[104],"61":[7],"62":[165],"63":[17],"64":[21],"65":[9]},"fnMap":{"0":{"name":"DryCode","decl":{"start":{"line":2,"column":2},"end":{"line":4,"column":3}},"loc":{"start":{"line":2,"column":2},"end":{"line":4,"column":3}},"line":2},"1":{"name":"get observedAttributes","decl":{"start":{"line":6,"column":9},"end":{"line":8,"column":3}},"loc":{"start":{"line":6,"column":9},"end":{"line":8,"column":3}},"line":6},"2":{"name":"_initializeComponent","decl":{"start":{"line":10,"column":2},"end":{"line":23,"column":3}},"loc":{"start":{"line":10,"column":2},"end":{"line":23,"column":3}},"line":10},"3":{"name":"_extractContent","decl":{"start":{"line":25,"column":2},"end":{"line":31,"column":3}},"loc":{"start":{"line":25,"column":2},"end":{"line":31,"column":3}},"line":25},"4":{"name":"_render","decl":{"start":{"line":33,"column":2},"end":{"line":64,"column":3}},"loc":{"start":{"line":33,"column":2},"end":{"line":64,"column":3}},"line":33},"5":{"name":"_escapeHtml","decl":{"start":{"line":66,"column":2},"end":{"line":73,"column":3}},"loc":{"start":{"line":66,"column":2},"end":{"line":73,"column":3}},"line":66},"6":{"name":"_highlightCode","decl":{"start":{"line":75,"column":2},"end":{"line":108,"column":3}},"loc":{"start":{"line":75,"column":2},"end":{"line":108,"column":3}},"line":75},"7":{"name":"_highlightHTML","decl":{"start":{"line":110,"column":2},"end":{"line":165,"column":3}},"loc":{"start":{"line":110,"column":2},"end":{"line":165,"column":3}},"line":110},"8":{"name":"_highlightJavaScript","decl":{"start":{"line":167,"column":2},"end":{"line":175,"column":3}},"loc":{"start":{"line":167,"column":2},"end":{"line":175,"column":3}},"line":167},"9":{"name":"_highlightCSS","decl":{"start":{"line":177,"column":2},"end":{"line":185,"column":3}},"loc":{"start":{"line":177,"column":2},"end":{"line":185,"column":3}},"line":177},"10":{"name":"_highlightJSON","decl":{"start":{"line":187,"column":2},"end":{"line":195,"column":3}},"loc":{"start":{"line":187,"column":2},"end":{"line":195,"column":3}},"line":187},"11":{"name":"_highlightPython","decl":{"start":{"line":197,"column":2},"end":{"line":206,"column":3}},"loc":{"start":{"line":197,"column":2},"end":{"line":206,"column":3}},"line":197},"12":{"name":"_highlightBash","decl":{"start":{"line":208,"column":2},"end":{"line":217,"column":3}},"loc":{"start":{"line":208,"column":2},"end":{"line":217,"column":3}},"line":208},"13":{"name":"_highlightSQL","decl":{"start":{"line":219,"column":2},"end":{"line":228,"column":3}},"loc":{"start":{"line":219,"column":2},"end":{"line":228,"column":3}},"line":219},"14":{"name":"_highlightWithTokens","decl":{"start":{"line":230,"column":2},"end":{"line":273,"column":3}},"loc":{"start":{"line":230,"column":2},"end":{"line":273,"column":3}},"line":230},"15":{"name":"_attachEventListeners","decl":{"start":{"line":275,"column":2},"end":{"line":280,"column":3}},"loc":{"start":{"line":275,"column":2},"end":{"line":280,"column":3}},"line":275},"16":{"name":"_copyToClipboard","decl":{"start":{"line":282,"column":2},"end":{"line":295,"column":3}},"loc":{"start":{"line":282,"column":2},"end":{"line":295,"column":3}},"line":282},"17":{"name":"_fallbackCopy","decl":{"start":{"line":297,"column":2},"end":{"line":313,"column":3}},"loc":{"start":{"line":297,"column":2},"end":{"line":313,"column":3}},"line":297},"18":{"name":"_showSuccessState","decl":{"start":{"line":315,"column":2},"end":{"line":324,"column":3}},"loc":{"start":{"line":315,"column":2},"end":{"line":324,"column":3}},"line":315},"19":{"name":"copy","decl":{"start":{"line":327,"column":2},"end":{"line":329,"column":3}},"loc":{"start":{"line":327,"column":2},"end":{"line":329,"column":3}},"line":327},"20":{"name":"setCode","decl":{"start":{"line":331,"column":2},"end":{"line":335,"column":3}},"loc":{"start":{"line":331,"column":2},"end":{"line":335,"column":3}},"line":331},"21":{"name":"get language","decl":{"start":{"line":338,"column":2},"end":{"line":340,"column":3}},"loc":{"start":{"line":338,"column":2},"end":{"line":340,"column":3}},"line":338},"22":{"name":"set language","decl":{"start":{"line":342,"column":2},"end":{"line":344,"column":3}},"loc":{"start":{"line":342,"column":2},"end":{"line":344,"column":3}},"line":342},"23":{"name":"get showCopy","decl":{"start":{"line":346,"column":2},"end":{"line":348,"column":3}},"loc":{"start":{"line":346,"column":2},"end":{"line":348,"column":3}},"line":346},"24":{"name":"set showCopy","decl":{"start":{"line":350,"column":2},"end":{"line":352,"column":3}},"loc":{"start":{"line":350,"column":2},"end":{"line":352,"column":3}},"line":350},"25":{"name":"get showHeader","decl":{"start":{"line":354,"column":2},"end":{"line":356,"column":3}},"loc":{"start":{"line":354,"column":2},"end":{"line":356,"column":3}},"line":354},"26":{"name":"set showHeader","decl":{"start":{"line":358,"column":2},"end":{"line":360,"column":3}},"loc":{"start":{"line":358,"column":2},"end":{"line":360,"column":3}},"line":358},"27":{"name":"attributeChangedCallback","decl":{"start":{"line":362,"column":2},"end":{"line":368,"column":3}},"loc":{"start":{"line":362,"column":2},"end":{"line":368,"column":3}},"line":362}},"f":{"0":46,"1":1,"2":41,"3":45,"4":61,"5":64,"6":61,"7":45,"8":10,"9":2,"10":3,"11":0,"12":0,"13":0,"14":15,"15":61,"16":6,"17":2,"18":6,"19":1,"20":2,"21":157,"22":0,"23":104,"24":0,"25":165,"26":0,"27":21}}
}
